Determining if the pthread_create exist failed with the following output:
Change Dir: /home/anchor/Asteroids/CMakeFiles/CMakeTmp

Run Build Command:"/usr/bin/make" "cmTC_d9745/fast"
/usr/bin/make -f CMakeFiles/cmTC_d9745.dir/build.make CMakeFiles/cmTC_d9745.dir/build
make[1]: Entering directory '/home/anchor/Asteroids/CMakeFiles/CMakeTmp'
Building C object CMakeFiles/cmTC_d9745.dir/CheckSymbolExists.c.o
/usr/bin/cc     -o CMakeFiles/cmTC_d9745.dir/CheckSymbolExists.c.o   -c /home/anchor/Asteroids/CMakeFiles/CMakeTmp/CheckSymbolExists.c
Linking C executable cmTC_d9745
/usr/bin/cmake -E cmake_link_script CMakeFiles/cmTC_d9745.dir/link.txt --verbose=1
/usr/bin/cc       CMakeFiles/cmTC_d9745.dir/CheckSymbolExists.c.o  -o cmTC_d9745 -rdynamic 
CMakeFiles/cmTC_d9745.dir/CheckSymbolExists.c.o: na função `main':
CheckSymbolExists.c:(.text+0x16): referência indefinida para `pthread_create'
collect2: error: ld returned 1 exit status
CMakeFiles/cmTC_d9745.dir/build.make:97: recipe for target 'cmTC_d9745' failed
make[1]: *** [cmTC_d9745] Error 1
make[1]: Leaving directory '/home/anchor/Asteroids/CMakeFiles/CMakeTmp'
Makefile:126: recipe for target 'cmTC_d9745/fast' failed
make: *** [cmTC_d9745/fast] Error 2

File /home/anchor/Asteroids/CMakeFiles/CMakeTmp/CheckSymbolExists.c:
/* */
#include <pthread.h>

int main(int argc, char** argv)
{
  (void)argv;
#ifndef pthread_create
  return ((int*)(&pthread_create))[argc];
#else
  (void)argc;
  return 0;
#endif
}

Determining if the function pthread_create exists in the pthreads failed with the following output:
Change Dir: /home/anchor/Asteroids/CMakeFiles/CMakeTmp

Run Build Command:"/usr/bin/make" "cmTC_82dff/fast"
/usr/bin/make -f CMakeFiles/cmTC_82dff.dir/build.make CMakeFiles/cmTC_82dff.dir/build
make[1]: Entering directory '/home/anchor/Asteroids/CMakeFiles/CMakeTmp'
Building C object CMakeFiles/cmTC_82dff.dir/CheckFunctionExists.c.o
/usr/bin/cc    -DCHECK_FUNCTION_EXISTS=pthread_create   -o CMakeFiles/cmTC_82dff.dir/CheckFunctionExists.c.o   -c /usr/share/cmake-3.5/Modules/CheckFunctionExists.c
Linking C executable cmTC_82dff
/usr/bin/cmake -E cmake_link_script CMakeFiles/cmTC_82dff.dir/link.txt --verbose=1
/usr/bin/cc   -DCHECK_FUNCTION_EXISTS=pthread_create    CMakeFiles/cmTC_82dff.dir/CheckFunctionExists.c.o  -o cmTC_82dff -rdynamic -lpthreads 
/usr/bin/ld: não foi possível encontrar -lpthreads
collect2: error: ld returned 1 exit status
CMakeFiles/cmTC_82dff.dir/build.make:97: recipe for target 'cmTC_82dff' failed
make[1]: *** [cmTC_82dff] Error 1
make[1]: Leaving directory '/home/anchor/Asteroids/CMakeFiles/CMakeTmp'
Makefile:126: recipe for target 'cmTC_82dff/fast' failed
make: *** [cmTC_82dff/fast] Error 2


Determining if the pthread_create exist failed with the following output:
Change Dir: /home/anchor/Asteroids/CMakeFiles/CMakeTmp

Run Build Command:"/usr/bin/make" "cmTC_f062c/fast"
/usr/bin/make -f CMakeFiles/cmTC_f062c.dir/build.make CMakeFiles/cmTC_f062c.dir/build
make[1]: Entering directory '/home/anchor/Asteroids/CMakeFiles/CMakeTmp'
Building C object CMakeFiles/cmTC_f062c.dir/CheckSymbolExists.c.o
/usr/bin/cc     -o CMakeFiles/cmTC_f062c.dir/CheckSymbolExists.c.o   -c /home/anchor/Asteroids/CMakeFiles/CMakeTmp/CheckSymbolExists.c
Linking C executable cmTC_f062c
/usr/bin/cmake -E cmake_link_script CMakeFiles/cmTC_f062c.dir/link.txt --verbose=1
/usr/bin/cc       CMakeFiles/cmTC_f062c.dir/CheckSymbolExists.c.o  -o cmTC_f062c -rdynamic 
CMakeFiles/cmTC_f062c.dir/CheckSymbolExists.c.o: na função `main':
CheckSymbolExists.c:(.text+0x16): referência indefinida para `pthread_create'
collect2: error: ld returned 1 exit status
CMakeFiles/cmTC_f062c.dir/build.make:97: recipe for target 'cmTC_f062c' failed
make[1]: *** [cmTC_f062c] Error 1
make[1]: Leaving directory '/home/anchor/Asteroids/CMakeFiles/CMakeTmp'
Makefile:126: recipe for target 'cmTC_f062c/fast' failed
make: *** [cmTC_f062c/fast] Error 2

File /home/anchor/Asteroids/CMakeFiles/CMakeTmp/CheckSymbolExists.c:
/* */
#include <pthread.h>

int main(int argc, char** argv)
{
  (void)argv;
#ifndef pthread_create
  return ((int*)(&pthread_create))[argc];
#else
  (void)argc;
  return 0;
#endif
}

Determining if the pthread_create exist failed with the following output:
Change Dir: /home/aluno/Área de Trabalho/Asteroids/CMakeFiles/CMakeTmp

Run Build Command:/usr/bin/make "cmTryCompileExec2415284955/fast"
/usr/bin/make -f CMakeFiles/cmTryCompileExec2415284955.dir/build.make CMakeFiles/cmTryCompileExec2415284955.dir/build
make[1]: Entrando no diretório `/home/aluno/Área de Trabalho/Asteroids/CMakeFiles/CMakeTmp'
/usr/bin/cmake -E cmake_progress_report "/home/aluno/Área de Trabalho/Asteroids/CMakeFiles/CMakeTmp/CMakeFiles" 1
Building C object CMakeFiles/cmTryCompileExec2415284955.dir/CheckSymbolExists.c.o
/usr/bin/cc    -o CMakeFiles/cmTryCompileExec2415284955.dir/CheckSymbolExists.c.o   -c "/home/aluno/Área de Trabalho/Asteroids/CMakeFiles/CMakeTmp/CheckSymbolExists.c"
Linking C executable cmTryCompileExec2415284955
/usr/bin/cmake -E cmake_link_script CMakeFiles/cmTryCompileExec2415284955.dir/link.txt --verbose=1
/usr/bin/cc       CMakeFiles/cmTryCompileExec2415284955.dir/CheckSymbolExists.c.o  -o cmTryCompileExec2415284955 -rdynamic 
CMakeFiles/cmTryCompileExec2415284955.dir/CheckSymbolExists.c.o: na função `main':
CheckSymbolExists.c:(.text+0x16): referência indefinida para `pthread_create'
collect2: error: ld returned 1 exit status
make[1]: ** [cmTryCompileExec2415284955] Erro 1
make[1]: Saindo do diretório `/home/aluno/Área de Trabalho/Asteroids/CMakeFiles/CMakeTmp'
make: ** [cmTryCompileExec2415284955/fast] Erro 2

File /home/aluno/Área de Trabalho/Asteroids/CMakeFiles/CMakeTmp/CheckSymbolExists.c:
/* */
#include <pthread.h>

int main(int argc, char** argv)
{
  (void)argv;
#ifndef pthread_create
  return ((int*)(&pthread_create))[argc];
#else
  (void)argc;
  return 0;
#endif
}

Determining if the function pthread_create exists in the pthreads failed with the following output:
Change Dir: /home/aluno/Área de Trabalho/Asteroids/CMakeFiles/CMakeTmp

Run Build Command:/usr/bin/make "cmTryCompileExec1501185482/fast"
/usr/bin/make -f CMakeFiles/cmTryCompileExec1501185482.dir/build.make CMakeFiles/cmTryCompileExec1501185482.dir/build
make[1]: Entrando no diretório `/home/aluno/Área de Trabalho/Asteroids/CMakeFiles/CMakeTmp'
/usr/bin/cmake -E cmake_progress_report "/home/aluno/Área de Trabalho/Asteroids/CMakeFiles/CMakeTmp/CMakeFiles" 1
Building C object CMakeFiles/cmTryCompileExec1501185482.dir/CheckFunctionExists.c.o
/usr/bin/cc   -DCHECK_FUNCTION_EXISTS=pthread_create   -o CMakeFiles/cmTryCompileExec1501185482.dir/CheckFunctionExists.c.o   -c /usr/share/cmake-2.8/Modules/CheckFunctionExists.c
Linking C executable cmTryCompileExec1501185482
/usr/bin/cmake -E cmake_link_script CMakeFiles/cmTryCompileExec1501185482.dir/link.txt --verbose=1
/usr/bin/cc   -DCHECK_FUNCTION_EXISTS=pthread_create    CMakeFiles/cmTryCompileExec1501185482.dir/CheckFunctionExists.c.o  -o cmTryCompileExec1501185482 -rdynamic -lpthreads 
/usr/bin/ld: não foi possível encontrar -lpthreads
collect2: error: ld returned 1 exit status
make[1]: ** [cmTryCompileExec1501185482] Erro 1
make[1]: Saindo do diretório `/home/aluno/Área de Trabalho/Asteroids/CMakeFiles/CMakeTmp'
make: ** [cmTryCompileExec1501185482/fast] Erro 2


Determining if the pthread_create exist failed with the following output:
Change Dir: /home/anchor/Asteroids/CMakeFiles/CMakeTmp

Run Build Command:"/usr/bin/make" "cmTC_80cc1/fast"
/usr/bin/make -f CMakeFiles/cmTC_80cc1.dir/build.make CMakeFiles/cmTC_80cc1.dir/build
make[1]: Entering directory '/home/anchor/Asteroids/CMakeFiles/CMakeTmp'
Building C object CMakeFiles/cmTC_80cc1.dir/CheckSymbolExists.c.o
/usr/bin/cc     -o CMakeFiles/cmTC_80cc1.dir/CheckSymbolExists.c.o   -c /home/anchor/Asteroids/CMakeFiles/CMakeTmp/CheckSymbolExists.c
Linking C executable cmTC_80cc1
/usr/bin/cmake -E cmake_link_script CMakeFiles/cmTC_80cc1.dir/link.txt --verbose=1
/usr/bin/cc       CMakeFiles/cmTC_80cc1.dir/CheckSymbolExists.c.o  -o cmTC_80cc1 -rdynamic 
CMakeFiles/cmTC_80cc1.dir/CheckSymbolExists.c.o: na função `main':
CheckSymbolExists.c:(.text+0x16): referência indefinida para `pthread_create'
collect2: error: ld returned 1 exit status
CMakeFiles/cmTC_80cc1.dir/build.make:97: recipe for target 'cmTC_80cc1' failed
make[1]: *** [cmTC_80cc1] Error 1
make[1]: Leaving directory '/home/anchor/Asteroids/CMakeFiles/CMakeTmp'
Makefile:126: recipe for target 'cmTC_80cc1/fast' failed
make: *** [cmTC_80cc1/fast] Error 2

File /home/anchor/Asteroids/CMakeFiles/CMakeTmp/CheckSymbolExists.c:
/* */
#include <pthread.h>

int main(int argc, char** argv)
{
  (void)argv;
#ifndef pthread_create
  return ((int*)(&pthread_create))[argc];
#else
  (void)argc;
  return 0;
#endif
}

Determining if the pthread_create exist failed with the following output:
Change Dir: /home/anchor/Asteroids/CMakeFiles/CMakeTmp

Run Build Command:"/usr/bin/make" "cmTC_f8fe6/fast"
/usr/bin/make -f CMakeFiles/cmTC_f8fe6.dir/build.make CMakeFiles/cmTC_f8fe6.dir/build
make[1]: Entering directory '/home/anchor/Asteroids/CMakeFiles/CMakeTmp'
Building C object CMakeFiles/cmTC_f8fe6.dir/CheckSymbolExists.c.o
/usr/bin/cc     -o CMakeFiles/cmTC_f8fe6.dir/CheckSymbolExists.c.o   -c /home/anchor/Asteroids/CMakeFiles/CMakeTmp/CheckSymbolExists.c
Linking C executable cmTC_f8fe6
/usr/bin/cmake -E cmake_link_script CMakeFiles/cmTC_f8fe6.dir/link.txt --verbose=1
/usr/bin/cc       CMakeFiles/cmTC_f8fe6.dir/CheckSymbolExists.c.o  -o cmTC_f8fe6 -rdynamic 
CMakeFiles/cmTC_f8fe6.dir/CheckSymbolExists.c.o: na função `main':
CheckSymbolExists.c:(.text+0x16): referência indefinida para `pthread_create'
collect2: error: ld returned 1 exit status
CMakeFiles/cmTC_f8fe6.dir/build.make:97: recipe for target 'cmTC_f8fe6' failed
make[1]: *** [cmTC_f8fe6] Error 1
make[1]: Leaving directory '/home/anchor/Asteroids/CMakeFiles/CMakeTmp'
Makefile:126: recipe for target 'cmTC_f8fe6/fast' failed
make: *** [cmTC_f8fe6/fast] Error 2

File /home/anchor/Asteroids/CMakeFiles/CMakeTmp/CheckSymbolExists.c:
/* */
#include <pthread.h>

int main(int argc, char** argv)
{
  (void)argv;
#ifndef pthread_create
  return ((int*)(&pthread_create))[argc];
#else
  (void)argc;
  return 0;
#endif
}

Determining if the pthread_create exist failed with the following output:
Change Dir: /home/anchor/Trab2_SO/CMakeFiles/CMakeTmp

Run Build Command:"/usr/bin/make" "cmTC_60ae3/fast"
/usr/bin/make -f CMakeFiles/cmTC_60ae3.dir/build.make CMakeFiles/cmTC_60ae3.dir/build
make[1]: Entering directory '/home/anchor/Trab2_SO/CMakeFiles/CMakeTmp'
Building C object CMakeFiles/cmTC_60ae3.dir/CheckSymbolExists.c.o
/usr/bin/cc     -o CMakeFiles/cmTC_60ae3.dir/CheckSymbolExists.c.o   -c /home/anchor/Trab2_SO/CMakeFiles/CMakeTmp/CheckSymbolExists.c
Linking C executable cmTC_60ae3
/usr/bin/cmake -E cmake_link_script CMakeFiles/cmTC_60ae3.dir/link.txt --verbose=1
/usr/bin/cc       CMakeFiles/cmTC_60ae3.dir/CheckSymbolExists.c.o  -o cmTC_60ae3 -rdynamic 
CMakeFiles/cmTC_60ae3.dir/CheckSymbolExists.c.o: na função `main':
CheckSymbolExists.c:(.text+0x16): referência indefinida para `pthread_create'
collect2: error: ld returned 1 exit status
CMakeFiles/cmTC_60ae3.dir/build.make:97: recipe for target 'cmTC_60ae3' failed
make[1]: *** [cmTC_60ae3] Error 1
make[1]: Leaving directory '/home/anchor/Trab2_SO/CMakeFiles/CMakeTmp'
Makefile:126: recipe for target 'cmTC_60ae3/fast' failed
make: *** [cmTC_60ae3/fast] Error 2

File /home/anchor/Trab2_SO/CMakeFiles/CMakeTmp/CheckSymbolExists.c:
/* */
#include <pthread.h>

int main(int argc, char** argv)
{
  (void)argv;
#ifndef pthread_create
  return ((int*)(&pthread_create))[argc];
#else
  (void)argc;
  return 0;
#endif
}

Determining if the pthread_create exist failed with the following output:
Change Dir: /home/anchor/Trab2_SO/CMakeFiles/CMakeTmp

Run Build Command:"/usr/bin/make" "cmTC_5f2b6/fast"
/usr/bin/make -f CMakeFiles/cmTC_5f2b6.dir/build.make CMakeFiles/cmTC_5f2b6.dir/build
make[1]: Entering directory '/home/anchor/Trab2_SO/CMakeFiles/CMakeTmp'
Building C object CMakeFiles/cmTC_5f2b6.dir/CheckSymbolExists.c.o
/usr/bin/cc     -o CMakeFiles/cmTC_5f2b6.dir/CheckSymbolExists.c.o   -c /home/anchor/Trab2_SO/CMakeFiles/CMakeTmp/CheckSymbolExists.c
Linking C executable cmTC_5f2b6
/usr/bin/cmake -E cmake_link_script CMakeFiles/cmTC_5f2b6.dir/link.txt --verbose=1
/usr/bin/cc       CMakeFiles/cmTC_5f2b6.dir/CheckSymbolExists.c.o  -o cmTC_5f2b6 -rdynamic 
CMakeFiles/cmTC_5f2b6.dir/CheckSymbolExists.c.o: na função `main':
CheckSymbolExists.c:(.text+0x16): referência indefinida para `pthread_create'
collect2: error: ld returned 1 exit status
CMakeFiles/cmTC_5f2b6.dir/build.make:97: recipe for target 'cmTC_5f2b6' failed
make[1]: *** [cmTC_5f2b6] Error 1
make[1]: Leaving directory '/home/anchor/Trab2_SO/CMakeFiles/CMakeTmp'
Makefile:126: recipe for target 'cmTC_5f2b6/fast' failed
make: *** [cmTC_5f2b6/fast] Error 2

File /home/anchor/Trab2_SO/CMakeFiles/CMakeTmp/CheckSymbolExists.c:
/* */
#include <pthread.h>

int main(int argc, char** argv)
{
  (void)argv;
#ifndef pthread_create
  return ((int*)(&pthread_create))[argc];
#else
  (void)argc;
  return 0;
#endif
}

Determining if the pthread_create exist failed with the following output:
Change Dir: /home/anchor/Trab2_SO/CMakeFiles/CMakeTmp

Run Build Command:"/usr/bin/make" "cmTC_f3ca5/fast"
/usr/bin/make -f CMakeFiles/cmTC_f3ca5.dir/build.make CMakeFiles/cmTC_f3ca5.dir/build
make[1]: Entering directory '/home/anchor/Trab2_SO/CMakeFiles/CMakeTmp'
Building C object CMakeFiles/cmTC_f3ca5.dir/CheckSymbolExists.c.o
/usr/bin/cc     -o CMakeFiles/cmTC_f3ca5.dir/CheckSymbolExists.c.o   -c /home/anchor/Trab2_SO/CMakeFiles/CMakeTmp/CheckSymbolExists.c
Linking C executable cmTC_f3ca5
/usr/bin/cmake -E cmake_link_script CMakeFiles/cmTC_f3ca5.dir/link.txt --verbose=1
/usr/bin/cc       CMakeFiles/cmTC_f3ca5.dir/CheckSymbolExists.c.o  -o cmTC_f3ca5 -rdynamic 
CMakeFiles/cmTC_f3ca5.dir/CheckSymbolExists.c.o: na função `main':
CheckSymbolExists.c:(.text+0x16): referência indefinida para `pthread_create'
collect2: error: ld returned 1 exit status
CMakeFiles/cmTC_f3ca5.dir/build.make:97: recipe for target 'cmTC_f3ca5' failed
make[1]: *** [cmTC_f3ca5] Error 1
make[1]: Leaving directory '/home/anchor/Trab2_SO/CMakeFiles/CMakeTmp'
Makefile:126: recipe for target 'cmTC_f3ca5/fast' failed
make: *** [cmTC_f3ca5/fast] Error 2

File /home/anchor/Trab2_SO/CMakeFiles/CMakeTmp/CheckSymbolExists.c:
/* */
#include <pthread.h>

int main(int argc, char** argv)
{
  (void)argv;
#ifndef pthread_create
  return ((int*)(&pthread_create))[argc];
#else
  (void)argc;
  return 0;
#endif
}

Determining if the pthread_create exist failed with the following output:
Change Dir: /home/anchor/Trab2_SO/CMakeFiles/CMakeTmp

Run Build Command:"/usr/bin/make" "cmTC_329ba/fast"
make[1]: Entering directory '/home/anchor/Trab2_SO/CMakeFiles/CMakeTmp'
/usr/bin/make -f CMakeFiles/cmTC_329ba.dir/build.make CMakeFiles/cmTC_329ba.dir/build
make[2]: Entering directory '/home/anchor/Trab2_SO/CMakeFiles/CMakeTmp'
Building C object CMakeFiles/cmTC_329ba.dir/CheckSymbolExists.c.o
/usr/bin/cc     -o CMakeFiles/cmTC_329ba.dir/CheckSymbolExists.c.o   -c /home/anchor/Trab2_SO/CMakeFiles/CMakeTmp/CheckSymbolExists.c
Linking C executable cmTC_329ba
/usr/bin/cmake -E cmake_link_script CMakeFiles/cmTC_329ba.dir/link.txt --verbose=1
/usr/bin/cc       CMakeFiles/cmTC_329ba.dir/CheckSymbolExists.c.o  -o cmTC_329ba -rdynamic 
CMakeFiles/cmTC_329ba.dir/CheckSymbolExists.c.o: na função `main':
CheckSymbolExists.c:(.text+0x16): referência indefinida para `pthread_create'
collect2: error: ld returned 1 exit status
CMakeFiles/cmTC_329ba.dir/build.make:97: recipe for target 'cmTC_329ba' failed
make[2]: *** [cmTC_329ba] Error 1
make[2]: Leaving directory '/home/anchor/Trab2_SO/CMakeFiles/CMakeTmp'
Makefile:126: recipe for target 'cmTC_329ba/fast' failed
make[1]: *** [cmTC_329ba/fast] Error 2
make[1]: Leaving directory '/home/anchor/Trab2_SO/CMakeFiles/CMakeTmp'

File /home/anchor/Trab2_SO/CMakeFiles/CMakeTmp/CheckSymbolExists.c:
/* */
#include <pthread.h>

int main(int argc, char** argv)
{
  (void)argv;
#ifndef pthread_create
  return ((int*)(&pthread_create))[argc];
#else
  (void)argc;
  return 0;
#endif
}

Determining if the pthread_create exist failed with the following output:
Change Dir: /home/anchor/Trab2_SO/CMakeFiles/CMakeTmp

Run Build Command:"/usr/bin/make" "cmTC_2af41/fast"
make[1]: Entering directory '/home/anchor/Trab2_SO/CMakeFiles/CMakeTmp'
/usr/bin/make -f CMakeFiles/cmTC_2af41.dir/build.make CMakeFiles/cmTC_2af41.dir/build
make[2]: Entering directory '/home/anchor/Trab2_SO/CMakeFiles/CMakeTmp'
Building C object CMakeFiles/cmTC_2af41.dir/CheckSymbolExists.c.o
/usr/bin/cc     -o CMakeFiles/cmTC_2af41.dir/CheckSymbolExists.c.o   -c /home/anchor/Trab2_SO/CMakeFiles/CMakeTmp/CheckSymbolExists.c
Linking C executable cmTC_2af41
/usr/bin/cmake -E cmake_link_script CMakeFiles/cmTC_2af41.dir/link.txt --verbose=1
/usr/bin/cc       CMakeFiles/cmTC_2af41.dir/CheckSymbolExists.c.o  -o cmTC_2af41 -rdynamic 
CMakeFiles/cmTC_2af41.dir/CheckSymbolExists.c.o: na função `main':
CheckSymbolExists.c:(.text+0x16): referência indefinida para `pthread_create'
collect2: error: ld returned 1 exit status
CMakeFiles/cmTC_2af41.dir/build.make:97: recipe for target 'cmTC_2af41' failed
make[2]: *** [cmTC_2af41] Error 1
make[2]: Leaving directory '/home/anchor/Trab2_SO/CMakeFiles/CMakeTmp'
Makefile:126: recipe for target 'cmTC_2af41/fast' failed
make[1]: *** [cmTC_2af41/fast] Error 2
make[1]: Leaving directory '/home/anchor/Trab2_SO/CMakeFiles/CMakeTmp'

File /home/anchor/Trab2_SO/CMakeFiles/CMakeTmp/CheckSymbolExists.c:
/* */
#include <pthread.h>

int main(int argc, char** argv)
{
  (void)argv;
#ifndef pthread_create
  return ((int*)(&pthread_create))[argc];
#else
  (void)argc;
  return 0;
#endif
}

